Release 10.1 - xst K.31 (nt64)
Copyright (c) 1995-2008 Xilinx, Inc.  All rights reserved.
--> Parameter TMPDIR set to C:/Users/zst75/Lab3/xst/projnav.tmp


Total REAL time to Xst completion: 0.00 secs
Total CPU time to Xst completion: 0.62 secs
 
--> Parameter xsthdpdir set to C:/Users/zst75/Lab3/xst


Total REAL time to Xst completion: 0.00 secs
Total CPU time to Xst completion: 0.62 secs
 
--> Reading design: Lab3.prj

TABLE OF CONTENTS
  1) Synthesis Options Summary
  2) HDL Compilation
  3) Design Hierarchy Analysis
  4) HDL Analysis
  5) HDL Synthesis
     5.1) HDL Synthesis Report
  6) Advanced HDL Synthesis
     6.1) Advanced HDL Synthesis Report
  7) Low Level Synthesis
  8) Partition Report
  9) Final Report
     9.1) Device utilization summary
     9.2) Partition Resource Summary
     9.3) TIMING REPORT


=========================================================================
*                      Synthesis Options Summary                        *
=========================================================================
---- Source Parameters
Input File Name                    : "Lab3.prj"
Input Format                       : mixed
Ignore Synthesis Constraint File   : NO

---- Target Parameters
Output File Name                   : "Lab3"
Output Format                      : NGC
Target Device                      : xc3s1000-5-ft256

---- Source Options
Top Module Name                    : Lab3
Automatic FSM Extraction           : YES
FSM Encoding Algorithm             : Auto
Safe Implementation                : No
FSM Style                          : lut
RAM Extraction                     : Yes
RAM Style                          : Auto
ROM Extraction                     : Yes
Mux Style                          : Auto
Decoder Extraction                 : YES
Priority Encoder Extraction        : YES
Shift Register Extraction          : YES
Logical Shifter Extraction         : YES
XOR Collapsing                     : YES
ROM Style                          : Auto
Mux Extraction                     : YES
Resource Sharing                   : YES
Asynchronous To Synchronous        : NO
Multiplier Style                   : auto
Automatic Register Balancing       : No

---- Target Options
Add IO Buffers                     : YES
Global Maximum Fanout              : 500
Add Generic Clock Buffer(BUFG)     : 8
Register Duplication               : YES
Slice Packing                      : YES
Optimize Instantiated Primitives   : NO
Use Clock Enable                   : Yes
Use Synchronous Set                : Yes
Use Synchronous Reset              : Yes
Pack IO Registers into IOBs        : auto
Equivalent register Removal        : YES

---- General Options
Optimization Goal                  : Speed
Optimization Effort                : 1
Library Search Order               : Lab3.lso
Keep Hierarchy                     : NO
Netlist Hierarchy                  : as_optimized
RTL Output                         : Yes
Global Optimization                : AllClockNets
Read Cores                         : YES
Write Timing Constraints           : NO
Cross Clock Analysis               : NO
Hierarchy Separator                : /
Bus Delimiter                      : <>
Case Specifier                     : maintain
Slice Utilization Ratio            : 100
BRAM Utilization Ratio             : 100
Verilog 2001                       : YES
Auto BRAM Packing                  : NO
Slice Utilization Ratio Delta      : 5

=========================================================================


=========================================================================
*                          HDL Compilation                              *
=========================================================================
Compiling vhdl file "C:/Users/zst75/Lab3/SimUAid_Synthesis_Package.vhd" in Library SimUAid_Synthesis_Package.
Package <SimUAid_synthesis_pack> compiled.
Package body <SimUAid_synthesis_pack> compiled.
Entity <and2> compiled.
Entity <and2> (Architecture <behavior>) compiled.
Entity <and3> compiled.
Entity <and3> (Architecture <behavior>) compiled.
Entity <and4> compiled.
Entity <and4> (Architecture <behavior>) compiled.
Entity <and5> compiled.
Entity <and5> (Architecture <behavior>) compiled.
Entity <or2> compiled.
Entity <or2> (Architecture <behavior>) compiled.
Entity <or3> compiled.
Entity <or3> (Architecture <behavior>) compiled.
Entity <or4> compiled.
Entity <or4> (Architecture <behavior>) compiled.
Entity <or5> compiled.
Entity <or5> (Architecture <behavior>) compiled.
Entity <nand2> compiled.
Entity <nand2> (Architecture <behavior>) compiled.
Entity <nand3> compiled.
Entity <nand3> (Architecture <behavior>) compiled.
Entity <nand4> compiled.
Entity <nand4> (Architecture <behavior>) compiled.
Entity <nand5> compiled.
Entity <nand5> (Architecture <behavior>) compiled.
Entity <nor2> compiled.
Entity <nor2> (Architecture <behavior>) compiled.
Entity <nor3> compiled.
Entity <nor3> (Architecture <behavior>) compiled.
Entity <nor4> compiled.
Entity <nor4> (Architecture <behavior>) compiled.
Entity <nor5> compiled.
Entity <nor5> (Architecture <behavior>) compiled.
Entity <xor2> compiled.
Entity <xor2> (Architecture <behavior>) compiled.
Entity <xnor2> compiled.
Entity <xnor2> (Architecture <behavior>) compiled.
Entity <inverter> compiled.
Entity <inverter> (Architecture <behavior>) compiled.
Entity <Dflipflop> compiled.
Entity <Dflipflop> (Architecture <behavior>) compiled.
Entity <JKflipflop> compiled.
Entity <JKflipflop> (Architecture <behavior>) compiled.
Entity <Counter> compiled.
Entity <Counter> (Architecture <behavior>) compiled.
Entity <LoadableCounter> compiled.
Entity <LoadableCounter> (Architecture <behavior>) compiled.
Entity <nbitRegister> compiled.
Entity <nbitRegister> (Architecture <behavior>) compiled.
Entity <NBitAdder> compiled.
Entity <NBitAdder> (Architecture <behavior>) compiled.
Entity <NWideMux> compiled.
Entity <NWideMux> (Architecture <behavior>) compiled.
Entity <ShiftRegLS> compiled.
Entity <ShiftRegLS> (Architecture <behavior>) compiled.
Entity <ShiftRegRS> compiled.
Entity <ShiftRegRS> (Architecture <behavior>) compiled.
Entity <ShiftRegBidir> compiled.
Entity <ShiftRegBidir> (Architecture <behavior>) compiled.
Entity <NBitTristate> compiled.
Entity <NBitTristate> (Architecture <behavior>) compiled.
Entity <Complementer> compiled.
Entity <Complementer> (Architecture <behavior>) compiled.
Entity <FullAdder> compiled.
Entity <FullAdder> (Architecture <behavior>) compiled.
Entity <Decoder_2_to_4> compiled.
Entity <Decoder_2_to_4> (Architecture <behavior>) compiled.
Entity <Decoder_3_to_8> compiled.
Entity <Decoder_3_to_8> (Architecture <behavior>) compiled.
Entity <MUX_2_to_1> compiled.
Entity <MUX_2_to_1> (Architecture <behavior>) compiled.
Entity <MUX_4_to_1> compiled.
Entity <MUX_4_to_1> (Architecture <behavior>) compiled.
Entity <MUX_8_to_1> compiled.
Entity <MUX_8_to_1> (Architecture <behavior>) compiled.
Entity <Tristatebuf> compiled.
Entity <Tristatebuf> (Architecture <behavior>) compiled.
Compiling vhdl file "C:/Users/zst75/Lab3/Lab3.vhd" in Library work.
Entity <Lab3> compiled.
Entity <Lab3> (Architecture <Structure>) compiled.

=========================================================================
*                     Design Hierarchy Analysis                         *
=========================================================================
Analyzing hierarchy for entity <Lab3> in library <work> (architecture <Structure>).

Analyzing hierarchy for entity <nor3> in library <SimUAid_synthesis_Package> (architecture <behavior>).

Analyzing hierarchy for entity <nor2> in library <SimUAid_synthesis_Package> (architecture <behavior>).

Analyzing hierarchy for entity <inverter> in library <SimUAid_synthesis_Package> (architecture <behavior>).

Analyzing hierarchy for entity <nor4> in library <SimUAid_synthesis_Package> (architecture <behavior>).


=========================================================================
*                            HDL Analysis                               *
=========================================================================
Analyzing Entity <Lab3> in library <work> (Architecture <Structure>).
Entity <Lab3> analyzed. Unit <Lab3> generated.

Analyzing Entity <nor3> in library <SimUAid_synthesis_Package> (Architecture <behavior>).
Entity <nor3> analyzed. Unit <nor3> generated.

Analyzing Entity <nor2> in library <SimUAid_synthesis_Package> (Architecture <behavior>).
Entity <nor2> analyzed. Unit <nor2> generated.

Analyzing Entity <inverter> in library <SimUAid_synthesis_Package> (Architecture <behavior>).
Entity <inverter> analyzed. Unit <inverter> generated.

Analyzing Entity <nor4> in library <SimUAid_synthesis_Package> (Architecture <behavior>).
Entity <nor4> analyzed. Unit <nor4> generated.


=========================================================================
*                           HDL Synthesis                               *
=========================================================================

Performing bidirectional port resolution...

Synthesizing Unit <nor3>.
    Related source file is "C:/Users/zst75/Lab3/SimUAid_Synthesis_Package.vhd".
Unit <nor3> synthesized.


Synthesizing Unit <nor2>.
    Related source file is "C:/Users/zst75/Lab3/SimUAid_Synthesis_Package.vhd".
Unit <nor2> synthesized.


Synthesizing Unit <inverter>.
    Related source file is "C:/Users/zst75/Lab3/SimUAid_Synthesis_Package.vhd".
Unit <inverter> synthesized.


Synthesizing Unit <nor4>.
    Related source file is "C:/Users/zst75/Lab3/SimUAid_Synthesis_Package.vhd".
Unit <nor4> synthesized.


Synthesizing Unit <Lab3>.
    Related source file is "C:/Users/zst75/Lab3/Lab3.vhd".
WARNING:Xst:646 - Signal <C_p> is assigned but never used. This unconnected signal will be trimmed during the optimization process.
Unit <Lab3> synthesized.

WARNING:Xst:524 - All outputs of the instance <VHDL_Device_6> of the block <inverter> are unconnected in block <Lab3>.
   This instance will be removed from the design along with all underlying logic

=========================================================================
HDL Synthesis Report

Found no macro
=========================================================================

=========================================================================
*                       Advanced HDL Synthesis                          *
=========================================================================

WARNING:Xst:79 - Model 'nor2' has different characteristics in destination library
WARNING:Xst:80 - Model name has been changed to 'nor21'
WARNING:Xst:79 - Model 'nor3' has different characteristics in destination library
WARNING:Xst:80 - Model name has been changed to 'nor31'
WARNING:Xst:79 - Model 'nor4' has different characteristics in destination library
WARNING:Xst:80 - Model name has been changed to 'nor41'
Loading device for application Rf_Device from file '3s1000.nph' in environment C:\Xilinx\10.1\ISE.

=========================================================================
Advanced HDL Synthesis Report

Found no macro
=========================================================================

=========================================================================
*                         Low Level Synthesis                           *
=========================================================================
WARNING:Xst:1989 - Unit <Lab3>: instances <VHDL_Device_16>, <VHDL_Device_21> of unit <nor31> are equivalent, second instance is removed

Optimizing unit <Lab3> ...

Mapping all equations...
Building and optimizing final netlist ...
Found area constraint ratio of 100 (+ 5) on block Lab3, actual ratio is 0.

Final Macro Processing ...

=========================================================================
Final Register Report

Found no macro
=========================================================================

=========================================================================
*                           Partition Report                             *
=========================================================================

Partition Implementation Status
-------------------------------

  No Partitions were found in this design.

-------------------------------

=========================================================================
*                            Final Report                               *
=========================================================================
Final Results
RTL Top Level Output File Name     : Lab3.ngr
Top Level Output File Name         : Lab3
Output Format                      : NGC
Optimization Goal                  : Speed
Keep Hierarchy                     : NO

Design Statistics
# IOs                              : 9

Cell Usage :
# BELS                             : 12
#      LUT3                        : 3
#      LUT4                        : 5
#      MUXF5                       : 4
# IO Buffers                       : 9
#      IBUF                        : 5
#      OBUF                        : 4
=========================================================================

Device utilization summary:
---------------------------

Selected Device : 3s1000ft256-5 

 Number of Slices:                        4  out of   7680     0%  
 Number of 4 input LUTs:                  8  out of  15360     0%  
 Number of IOs:                           9
 Number of bonded IOBs:                   9  out of    173     5%  

---------------------------
Partition Resource Summary:
---------------------------

  No Partitions were found in this design.

---------------------------


=========================================================================
TIMING REPORT

NOTE: THESE TIMING NUMBERS ARE ONLY A SYNTHESIS ESTIMATE.
      FOR ACCURATE TIMING INFORMATION PLEASE REFER TO THE TRACE REPORT
      GENERATED AFTER PLACE-and-ROUTE.

Clock Information:
------------------
No clock signals found in this design

Asynchronous Control Signals Information:
----------------------------------------
No asynchronous control signals found in this design

Timing Summary:
---------------
Speed Grade: -5

   Minimum period: No path found
   Minimum input arrival time before clock: No path found
   Maximum output required time after clock: No path found
   Maximum combinational path delay: 8.313ns

Timing Detail:
--------------
All values displayed in nanoseconds (ns)

=========================================================================
Timing constraint: Default path analysis
  Total number of paths / destination ports: 33 / 4
-------------------------------------------------------------------------
Delay:               8.313ns (Levels of Logic = 4)
  Source:            C (PAD)
  Destination:       W (PAD)

  Data Path: C to W
                                Gate     Net
    Cell:in->out      fanout   Delay   Delay  Logical Name (Net Name)
    ----------------------------------------  ------------
     IBUF:I->O             8   0.715   1.216  C_IBUF (C_IBUF)
     LUT4:I0->O            1   0.479   0.000  VHDL_Device_13/E_F (N18)
     MUXF5:I0->O           1   0.314   0.681  VHDL_Device_13/E (X_OBUF)
     OBUF:I->O                 4.909          X_OBUF (X)
    ----------------------------------------
    Total                      8.313ns (6.417ns logic, 1.896ns route)
                                       (77.2% logic, 22.8% route)

=========================================================================


Total REAL time to Xst completion: 7.00 secs
Total CPU time to Xst completion: 7.08 secs
 
--> 

Total memory usage is 236044 kilobytes

Number of errors   :    0 (   0 filtered)
Number of warnings :    9 (   0 filtered)
Number of infos    :    0 (   0 filtered)

